<?xml version="1.0" encoding="UTF-8"?>
<!-- Generated by org.testng.reporters.JUnitReportReporter -->
<testsuite hostname="DELL-PC" failures="0" tests="2" name="com.actitime.customertest.CustomerProjectTeat" time="10.299" errors="0" timestamp="11 Apr 2018 19:08:38 GMT">
  <testcase classname="com.actitime.customertest.CustomerProjectTeat" name="createCustomerWithDesc" time="4.967"/>
  <testcase classname="com.actitime.customertest.CustomerProjectTeat" name="createCustomerTest" time="5.332"/>
</testsuite> <!-- com.actitime.customertest.CustomerProjectTeat -->
